TN:
SF:src/app.ts
FN:20,(anonymous_12)
FN:31,(anonymous_13)
FN:37,(anonymous_14)
FN:41,(anonymous_15)
FN:45,(anonymous_16)
FN:54,(anonymous_18)
FNF:6
FNH:6
FNDA:1,(anonymous_12)
FNDA:1,(anonymous_13)
FNDA:1,(anonymous_14)
FNDA:1,(anonymous_15)
FNDA:1,(anonymous_16)
FNDA:1,(anonymous_18)
DA:1,1
DA:3,1
DA:5,1
DA:6,1
DA:8,1
DA:9,1
DA:11,1
DA:12,1
DA:15,1
DA:21,1
DA:22,1
DA:23,1
DA:24,1
DA:25,1
DA:27,1
DA:28,1
DA:32,1
DA:33,1
DA:34,1
DA:38,1
DA:42,1
DA:46,1
DA:47,1
DA:48,1
DA:49,1
DA:50,1
DA:51,1
DA:55,1
LF:28
LH:28
BRF:0
BRH:0
end_of_record
TN:
SF:src/main.ts
FN:23,(anonymous_7)
FN:34,bootstrap
FNF:2
FNH:2
FNDA:1,(anonymous_7)
FNDA:1,bootstrap
DA:1,1
DA:2,1
DA:3,1
DA:4,1
DA:5,1
DA:7,1
DA:11,1
DA:13,1
DA:14,1
DA:16,1
DA:23,1
DA:24,1
DA:25,1
DA:26,1
DA:27,1
DA:28,1
DA:29,1
DA:30,1
DA:31,1
DA:35,1
DA:36,1
DA:38,1
DA:39,1
DA:41,1
DA:44,1
LF:25
LH:25
BRF:0
BRH:0
end_of_record
TN:
SF:src/types.ts
FNF:0
FNH:0
DA:1,1
LF:1
LH:1
BRF:0
BRH:0
end_of_record
TN:
SF:src/common/auth.guard.ts
FN:6,(anonymous_0)
FNF:1
FNH:1
FNDA:2,(anonymous_0)
DA:5,1
DA:7,2
DA:8,1
DA:11,1
LF:4
LH:4
BRDA:7,0,0,1
BRF:1
BRH:1
end_of_record
TN:
SF:src/common/auth.middleware.ts
FN:6,(anonymous_0)
FN:8,(anonymous_1)
FN:10,(anonymous_2)
FNF:3
FNH:3
FNDA:1,(anonymous_0)
FNDA:7,(anonymous_1)
FNDA:2,(anonymous_2)
DA:3,1
DA:5,1
DA:6,1
DA:9,7
DA:10,2
DA:11,2
DA:12,1
DA:13,1
DA:14,1
DA:15,1
DA:19,5
LF:11
LH:11
BRDA:9,0,0,2
BRDA:9,0,1,5
BRDA:11,1,0,1
BRDA:11,1,1,1
BRDA:13,2,0,1
BRDA:13,3,0,1
BRDA:13,3,1,1
BRF:7
BRH:7
end_of_record
TN:
SF:src/common/base.controller.ts
FN:11,(anonymous_2)
FN:15,(anonymous_3)
FN:19,(anonymous_4)
FN:22,(anonymous_5)
FN:26,(anonymous_6)
FN:30,(anonymous_7)
FN:31,(anonymous_8)
FN:34,(anonymous_9)
FNF:8
FNH:7
FNDA:1,(anonymous_2)
FNDA:4,(anonymous_3)
FNDA:0,(anonymous_4)
FNDA:4,(anonymous_5)
FNDA:4,(anonymous_6)
FNDA:1,(anonymous_7)
FNDA:3,(anonymous_8)
FNDA:3,(anonymous_9)
DA:1,1
DA:4,1
DA:5,1
DA:8,1
DA:11,1
DA:12,1
DA:16,4
DA:20,0
DA:23,4
DA:24,4
DA:27,4
DA:31,1
DA:32,3
DA:34,3
DA:35,3
DA:37,3
DA:38,3
DA:40,3
LF:18
LH:17
BRDA:34,0,0,0
BRDA:34,0,1,3
BRDA:34,1,0,3
BRDA:34,1,1,3
BRDA:38,2,0,3
BRDA:38,2,1,0
BRF:6
BRH:4
end_of_record
TN:
SF:src/common/validate.middleware.ts
FN:7,(anonymous_0)
FN:9,(anonymous_1)
FN:11,(anonymous_2)
FNF:3
FNH:3
FNDA:2,(anonymous_0)
FNDA:5,(anonymous_1)
FNDA:5,(anonymous_2)
DA:3,1
DA:4,1
DA:6,1
DA:7,2
DA:10,5
DA:11,5
DA:12,5
DA:13,1
DA:15,4
LF:9
LH:9
BRDA:12,0,0,1
BRDA:12,0,1,4
BRF:2
BRH:2
end_of_record
TN:
SF:src/config/config.service.ts
FN:11,(anonymous_4)
FN:21,(anonymous_5)
FNF:2
FNH:2
FNDA:1,(anonymous_4)
FNDA:4,(anonymous_5)
DA:1,1
DA:3,1
DA:5,1
DA:8,1
DA:11,1
DA:12,1
DA:13,1
DA:14,0
DA:16,1
DA:17,1
DA:22,4
LF:11
LH:10
BRDA:13,0,0,0
BRDA:13,0,1,1
BRF:2
BRH:1
end_of_record
TN:
SF:src/database/prisma.service.ts
FN:10,(anonymous_11)
FN:14,(anonymous_12)
FN:27,(anonymous_14)
FNF:3
FNH:2
FNDA:1,(anonymous_11)
FNDA:1,(anonymous_12)
FNDA:0,(anonymous_14)
DA:1,1
DA:2,1
DA:4,1
DA:7,1
DA:10,1
DA:11,1
DA:15,1
DA:16,1
DA:17,1
DA:19,0
DA:20,0
DA:28,0
LF:12
LH:9
BRDA:19,0,0,0
BRF:1
BRH:0
end_of_record
TN:
SF:src/errors/exeption.filter.ts
FN:11,(anonymous_4)
FN:13,(anonymous_5)
FNF:2
FNH:2
FNDA:1,(anonymous_4)
FNDA:1,(anonymous_5)
DA:3,1
DA:5,1
DA:6,1
DA:7,1
DA:10,1
DA:11,1
DA:14,1
DA:15,1
DA:16,1
DA:18,0
DA:19,0
LF:11
LH:9
BRDA:14,0,0,1
BRDA:14,0,1,0
BRF:2
BRH:1
end_of_record
TN:
SF:src/errors/http-error.class.ts
FN:5,(anonymous_0)
FNF:1
FNH:1
FNDA:1,(anonymous_0)
DA:1,1
DA:6,1
DA:7,1
DA:8,1
DA:9,1
LF:5
LH:5
BRF:0
BRH:0
end_of_record
TN:
SF:src/logger/logger.service.ts
FN:10,(anonymous_2)
FN:19,(anonymous_3)
FN:23,(anonymous_4)
FN:27,(anonymous_5)
FNF:4
FNH:3
FNDA:1,(anonymous_2)
FNDA:6,(anonymous_3)
FNDA:1,(anonymous_4)
FNDA:0,(anonymous_5)
DA:1,1
DA:3,1
DA:4,1
DA:7,1
DA:11,1
DA:20,6
DA:24,1
DA:28,0
LF:8
LH:7
BRF:0
BRH:0
end_of_record
TN:
SF:src/users/user.entity.ts
FN:9,(anonymous_7)
FN:19,(anonymous_8)
FN:23,(anonymous_9)
FN:27,(anonymous_10)
FN:31,(anonymous_11)
FN:35,(anonymous_13)
FNF:6
FNH:3
FNDA:4,(anonymous_7)
FNDA:0,(anonymous_8)
FNDA:0,(anonymous_9)
FNDA:4,(anonymous_10)
FNDA:0,(anonymous_11)
FNDA:4,(anonymous_13)
DA:1,1
DA:6,1
DA:10,4
DA:11,4
DA:14,4
DA:15,4
DA:20,0
DA:24,0
DA:28,4
DA:32,0
DA:36,4
DA:38,4
LF:12
LH:9
BRDA:14,0,0,4
BRF:1
BRH:1
end_of_record
TN:
SF:src/users/users.controller.ts
FN:20,(anonymous_11)
FN:49,(anonymous_12)
FN:66,(anonymous_14)
FN:79,(anonymous_16)
FN:89,(anonymous_18)
FN:90,(anonymous_19)
FN:98,(anonymous_20)
FNF:7
FNH:6
FNDA:1,(anonymous_11)
FNDA:4,(anonymous_12)
FNDA:0,(anonymous_14)
FNDA:1,(anonymous_16)
FNDA:3,(anonymous_18)
FNDA:3,(anonymous_19)
FNDA:3,(anonymous_20)
DA:2,1
DA:3,1
DA:5,1
DA:6,1
DA:7,1
DA:9,1
DA:10,1
DA:13,1
DA:14,1
DA:16,1
DA:19,1
DA:21,1
DA:22,1
DA:23,1
DA:25,1
DA:27,1
DA:54,4
DA:56,4
DA:57,1
DA:60,3
DA:61,3
DA:63,3
DA:71,0
DA:72,0
DA:73,0
DA:76,0
DA:80,1
DA:82,1
DA:83,0
DA:86,1
DA:90,3
DA:91,3
DA:99,3
DA:100,0
DA:103,3
LF:35
LH:29
BRDA:56,0,0,1
BRDA:72,1,0,0
BRDA:82,2,0,0
BRDA:99,3,0,0
BRF:4
BRH:1
end_of_record
TN:
SF:src/users/users.repository.ts
FN:10,(anonymous_11)
FN:12,(anonymous_12)
FN:22,(anonymous_14)
FNF:3
FNH:2
FNDA:1,(anonymous_11)
FNDA:0,(anonymous_12)
FNDA:5,(anonymous_14)
DA:4,1
DA:5,1
DA:6,1
DA:9,1
DA:10,1
DA:13,0
DA:23,5
LF:7
LH:6
BRF:0
BRH:0
end_of_record
TN:
SF:src/users/users.service.ts
FN:14,(anonymous_11)
FN:19,(anonymous_12)
FN:33,(anonymous_14)
FN:45,(anonymous_16)
FNF:4
FNH:3
FNDA:1,(anonymous_11)
FNDA:0,(anonymous_12)
FNDA:4,(anonymous_14)
FNDA:1,(anonymous_16)
DA:1,1
DA:4,1
DA:6,1
DA:13,1
DA:15,1
DA:16,1
DA:20,0
DA:21,0
DA:22,0
DA:24,0
DA:26,0
DA:27,0
DA:30,0
DA:34,4
DA:36,4
DA:37,0
DA:40,4
DA:42,4
DA:46,1
LF:19
LH:11
BRDA:26,0,0,0
BRDA:36,1,0,0
BRF:2
BRH:0
end_of_record
TN:
SF:src/users/dto/user-login.dto.ts
FNF:0
FNH:0
DA:1,1
DA:3,1
DA:5,1
DA:8,1
LF:4
LH:4
BRF:0
BRH:0
end_of_record
TN:
SF:src/users/dto/user-register.dto.ts
FNF:0
FNH:0
DA:1,1
DA:3,1
DA:5,1
DA:8,1
DA:11,1
LF:5
LH:5
BRF:0
BRH:0
end_of_record
